<?xml version="1.0" encoding="UTF-8"?>
<testng-results ignored="0" total="9" passed="9" failed="0" skipped="0">
  <reporter-output>
  </reporter-output>
  <suite started-at="2024-11-19T03:38:31 GMT" name="vendor-portal" finished-at="2024-11-19T03:38:55 GMT" duration-ms="23894">
    <groups>
    </groups>
    <test started-at="2024-11-19T03:38:31 GMT" name="user-sam" finished-at="2024-11-19T03:38:55 GMT" duration-ms="23844">
      <class name="com.thakurkumarrahul.test.vendorPortal.VendorPortalTest">
        <test-method is-config="true" signature="setDriver(org.testng.ITestContext)[pri:0, instance:com.thakurkumarrahul.test.vendorPortal.VendorPortalTest@3c73951]" started-at="2024-11-19T03:38:31 GMT" name="setDriver" finished-at="2024-11-19T03:38:34 GMT" duration-ms="3208" status="PASS">
          <params>
            <param index="0">
              <value>
                <![CDATA[org.testng.TestRunner@79e4c792]]>
              </value>
            </param>
          </params>
          <reporter-output>
          </reporter-output>
        </test-method> <!-- setDriver -->
        <test-method is-config="true" signature="setPageObjects(java.lang.String)[pri:0, instance:com.thakurkumarrahul.test.vendorPortal.VendorPortalTest@3c73951]" started-at="2024-11-19T03:38:34 GMT" name="setPageObjects" finished-at="2024-11-19T03:38:35 GMT" depends-on-methods="com.thakurkumarrahul.test.AbstractTest.setDriver" duration-ms="534" status="PASS">
          <params>
            <param index="0">
              <value>
                <![CDATA[test-data/vendor-portal/sam.json]]>
              </value>
            </param>
          </params>
          <reporter-output>
          </reporter-output>
        </test-method> <!-- setPageObjects -->
        <test-method signature="logintest()[pri:0, instance:com.thakurkumarrahul.test.vendorPortal.VendorPortalTest@3c73951]" started-at="2024-11-19T03:38:35 GMT" name="logintest" finished-at="2024-11-19T03:38:36 GMT" duration-ms="1733" status="PASS">
          <reporter-output>
          </reporter-output>
        </test-method> <!-- logintest -->
        <test-method is-config="true" signature="sleep()[pri:0, instance:com.thakurkumarrahul.test.vendorPortal.VendorPortalTest@3c73951]" started-at="2024-11-19T03:38:36 GMT" name="sleep" finished-at="2024-11-19T03:38:41 GMT" duration-ms="5002" status="PASS">
          <reporter-output>
          </reporter-output>
        </test-method> <!-- sleep -->
        <test-method signature="dashboardTest()[pri:0, instance:com.thakurkumarrahul.test.vendorPortal.VendorPortalTest@3c73951]" started-at="2024-11-19T03:38:41 GMT" name="dashboardTest" finished-at="2024-11-19T03:38:42 GMT" depends-on-methods="com.thakurkumarrahul.test.vendorPortal.VendorPortalTest.logintest" duration-ms="1029" status="PASS">
          <reporter-output>
          </reporter-output>
        </test-method> <!-- dashboardTest -->
        <test-method is-config="true" signature="sleep()[pri:0, instance:com.thakurkumarrahul.test.vendorPortal.VendorPortalTest@3c73951]" started-at="2024-11-19T03:38:42 GMT" name="sleep" finished-at="2024-11-19T03:38:47 GMT" duration-ms="4998" status="PASS">
          <reporter-output>
          </reporter-output>
        </test-method> <!-- sleep -->
        <test-method signature="logoutTest()[pri:0, instance:com.thakurkumarrahul.test.vendorPortal.VendorPortalTest@3c73951]" started-at="2024-11-19T03:38:47 GMT" name="logoutTest" finished-at="2024-11-19T03:38:50 GMT" depends-on-methods="com.thakurkumarrahul.test.vendorPortal.VendorPortalTest.dashboardTest" duration-ms="2176" status="PASS">
          <reporter-output>
          </reporter-output>
        </test-method> <!-- logoutTest -->
        <test-method is-config="true" signature="sleep()[pri:0, instance:com.thakurkumarrahul.test.vendorPortal.VendorPortalTest@3c73951]" started-at="2024-11-19T03:38:50 GMT" name="sleep" finished-at="2024-11-19T03:38:55 GMT" duration-ms="5000" status="PASS">
          <reporter-output>
          </reporter-output>
        </test-method> <!-- sleep -->
        <test-method is-config="true" signature="quitDriver()[pri:0, instance:com.thakurkumarrahul.test.vendorPortal.VendorPortalTest@3c73951]" started-at="2024-11-19T03:38:55 GMT" name="quitDriver" finished-at="2024-11-19T03:38:55 GMT" duration-ms="108" status="PASS">
          <reporter-output>
          </reporter-output>
        </test-method> <!-- quitDriver -->
      </class> <!-- com.thakurkumarrahul.test.vendorPortal.VendorPortalTest -->
    </test> <!-- user-sam -->
    <test started-at="2024-11-19T03:38:31 GMT" name="user-mike" finished-at="2024-11-19T03:38:55 GMT" duration-ms="23844">
      <class name="com.thakurkumarrahul.test.vendorPortal.VendorPortalTest">
        <test-method is-config="true" signature="setDriver(org.testng.ITestContext)[pri:0, instance:com.thakurkumarrahul.test.vendorPortal.VendorPortalTest@7c24b813]" started-at="2024-11-19T03:38:31 GMT" name="setDriver" finished-at="2024-11-19T03:38:34 GMT" duration-ms="3208" status="PASS">
          <params>
            <param index="0">
              <value>
                <![CDATA[org.testng.TestRunner@196a42c3]]>
              </value>
            </param>
          </params>
          <reporter-output>
          </reporter-output>
        </test-method> <!-- setDriver -->
        <test-method is-config="true" signature="setPageObjects(java.lang.String)[pri:0, instance:com.thakurkumarrahul.test.vendorPortal.VendorPortalTest@7c24b813]" started-at="2024-11-19T03:38:34 GMT" name="setPageObjects" finished-at="2024-11-19T03:38:35 GMT" depends-on-methods="com.thakurkumarrahul.test.AbstractTest.setDriver" duration-ms="534" status="PASS">
          <params>
            <param index="0">
              <value>
                <![CDATA[test-data/vendor-portal/mike.json]]>
              </value>
            </param>
          </params>
          <reporter-output>
          </reporter-output>
        </test-method> <!-- setPageObjects -->
        <test-method signature="logintest()[pri:0, instance:com.thakurkumarrahul.test.vendorPortal.VendorPortalTest@7c24b813]" started-at="2024-11-19T03:38:35 GMT" name="logintest" finished-at="2024-11-19T03:38:36 GMT" duration-ms="1715" status="PASS">
          <reporter-output>
          </reporter-output>
        </test-method> <!-- logintest -->
        <test-method is-config="true" signature="sleep()[pri:0, instance:com.thakurkumarrahul.test.vendorPortal.VendorPortalTest@7c24b813]" started-at="2024-11-19T03:38:36 GMT" name="sleep" finished-at="2024-11-19T03:38:41 GMT" duration-ms="5005" status="PASS">
          <reporter-output>
          </reporter-output>
        </test-method> <!-- sleep -->
        <test-method signature="dashboardTest()[pri:0, instance:com.thakurkumarrahul.test.vendorPortal.VendorPortalTest@7c24b813]" started-at="2024-11-19T03:38:41 GMT" name="dashboardTest" finished-at="2024-11-19T03:38:42 GMT" depends-on-methods="com.thakurkumarrahul.test.vendorPortal.VendorPortalTest.logintest" duration-ms="1028" status="PASS">
          <reporter-output>
          </reporter-output>
        </test-method> <!-- dashboardTest -->
        <test-method is-config="true" signature="sleep()[pri:0, instance:com.thakurkumarrahul.test.vendorPortal.VendorPortalTest@7c24b813]" started-at="2024-11-19T03:38:42 GMT" name="sleep" finished-at="2024-11-19T03:38:47 GMT" duration-ms="4999" status="PASS">
          <reporter-output>
          </reporter-output>
        </test-method> <!-- sleep -->
        <test-method signature="logoutTest()[pri:0, instance:com.thakurkumarrahul.test.vendorPortal.VendorPortalTest@7c24b813]" started-at="2024-11-19T03:38:47 GMT" name="logoutTest" finished-at="2024-11-19T03:38:50 GMT" depends-on-methods="com.thakurkumarrahul.test.vendorPortal.VendorPortalTest.dashboardTest" duration-ms="2169" status="PASS">
          <reporter-output>
          </reporter-output>
        </test-method> <!-- logoutTest -->
        <test-method is-config="true" signature="sleep()[pri:0, instance:com.thakurkumarrahul.test.vendorPortal.VendorPortalTest@7c24b813]" started-at="2024-11-19T03:38:50 GMT" name="sleep" finished-at="2024-11-19T03:38:55 GMT" duration-ms="5001" status="PASS">
          <reporter-output>
          </reporter-output>
        </test-method> <!-- sleep -->
        <test-method is-config="true" signature="quitDriver()[pri:0, instance:com.thakurkumarrahul.test.vendorPortal.VendorPortalTest@7c24b813]" started-at="2024-11-19T03:38:55 GMT" name="quitDriver" finished-at="2024-11-19T03:38:55 GMT" duration-ms="119" status="PASS">
          <reporter-output>
          </reporter-output>
        </test-method> <!-- quitDriver -->
      </class> <!-- com.thakurkumarrahul.test.vendorPortal.VendorPortalTest -->
    </test> <!-- user-mike -->
    <test started-at="2024-11-19T03:38:31 GMT" name="user-john" finished-at="2024-11-19T03:38:55 GMT" duration-ms="23894">
      <class name="com.thakurkumarrahul.test.vendorPortal.VendorPortalTest">
        <test-method is-config="true" signature="setupConfig()[pri:0, instance:com.thakurkumarrahul.test.vendorPortal.VendorPortalTest@7bd4937b]" started-at="2024-11-19T03:38:31 GMT" name="setupConfig" finished-at="2024-11-19T03:38:31 GMT" duration-ms="17" status="PASS">
          <reporter-output>
          </reporter-output>
        </test-method> <!-- setupConfig -->
        <test-method is-config="true" signature="setDriver(org.testng.ITestContext)[pri:0, instance:com.thakurkumarrahul.test.vendorPortal.VendorPortalTest@7bd4937b]" started-at="2024-11-19T03:38:31 GMT" name="setDriver" finished-at="2024-11-19T03:38:34 GMT" duration-ms="3208" status="PASS">
          <params>
            <param index="0">
              <value>
                <![CDATA[org.testng.TestRunner@4c60d6e9]]>
              </value>
            </param>
          </params>
          <reporter-output>
          </reporter-output>
        </test-method> <!-- setDriver -->
        <test-method is-config="true" signature="setPageObjects(java.lang.String)[pri:0, instance:com.thakurkumarrahul.test.vendorPortal.VendorPortalTest@7bd4937b]" started-at="2024-11-19T03:38:34 GMT" name="setPageObjects" finished-at="2024-11-19T03:38:35 GMT" depends-on-methods="com.thakurkumarrahul.test.AbstractTest.setDriver" duration-ms="534" status="PASS">
          <params>
            <param index="0">
              <value>
                <![CDATA[test-data/vendor-portal/john.json]]>
              </value>
            </param>
          </params>
          <reporter-output>
          </reporter-output>
        </test-method> <!-- setPageObjects -->
        <test-method signature="logintest()[pri:0, instance:com.thakurkumarrahul.test.vendorPortal.VendorPortalTest@7bd4937b]" started-at="2024-11-19T03:38:35 GMT" name="logintest" finished-at="2024-11-19T03:38:36 GMT" duration-ms="1715" status="PASS">
          <reporter-output>
          </reporter-output>
        </test-method> <!-- logintest -->
        <test-method is-config="true" signature="sleep()[pri:0, instance:com.thakurkumarrahul.test.vendorPortal.VendorPortalTest@7bd4937b]" started-at="2024-11-19T03:38:36 GMT" name="sleep" finished-at="2024-11-19T03:38:41 GMT" duration-ms="5005" status="PASS">
          <reporter-output>
          </reporter-output>
        </test-method> <!-- sleep -->
        <test-method signature="dashboardTest()[pri:0, instance:com.thakurkumarrahul.test.vendorPortal.VendorPortalTest@7bd4937b]" started-at="2024-11-19T03:38:41 GMT" name="dashboardTest" finished-at="2024-11-19T03:38:42 GMT" depends-on-methods="com.thakurkumarrahul.test.vendorPortal.VendorPortalTest.logintest" duration-ms="1038" status="PASS">
          <reporter-output>
          </reporter-output>
        </test-method> <!-- dashboardTest -->
        <test-method is-config="true" signature="sleep()[pri:0, instance:com.thakurkumarrahul.test.vendorPortal.VendorPortalTest@7bd4937b]" started-at="2024-11-19T03:38:42 GMT" name="sleep" finished-at="2024-11-19T03:38:47 GMT" duration-ms="4998" status="PASS">
          <reporter-output>
          </reporter-output>
        </test-method> <!-- sleep -->
        <test-method signature="logoutTest()[pri:0, instance:com.thakurkumarrahul.test.vendorPortal.VendorPortalTest@7bd4937b]" started-at="2024-11-19T03:38:47 GMT" name="logoutTest" finished-at="2024-11-19T03:38:50 GMT" depends-on-methods="com.thakurkumarrahul.test.vendorPortal.VendorPortalTest.dashboardTest" duration-ms="2173" status="PASS">
          <reporter-output>
          </reporter-output>
        </test-method> <!-- logoutTest -->
        <test-method is-config="true" signature="sleep()[pri:0, instance:com.thakurkumarrahul.test.vendorPortal.VendorPortalTest@7bd4937b]" started-at="2024-11-19T03:38:50 GMT" name="sleep" finished-at="2024-11-19T03:38:55 GMT" duration-ms="5000" status="PASS">
          <reporter-output>
          </reporter-output>
        </test-method> <!-- sleep -->
        <test-method is-config="true" signature="quitDriver()[pri:0, instance:com.thakurkumarrahul.test.vendorPortal.VendorPortalTest@7bd4937b]" started-at="2024-11-19T03:38:55 GMT" name="quitDriver" finished-at="2024-11-19T03:38:55 GMT" duration-ms="159" status="PASS">
          <reporter-output>
          </reporter-output>
        </test-method> <!-- quitDriver -->
      </class> <!-- com.thakurkumarrahul.test.vendorPortal.VendorPortalTest -->
    </test> <!-- user-john -->
  </suite> <!-- vendor-portal -->
</testng-results>
